Using pre-set license
Built from '2021.1/staging' branch; Version is '2021.1.5f1 (3737af19df53) revision 3618735'; Using compiler version '192528614'; Build Type 'Release'
OS: 'Windows 10 Pro; OS build 19041.928; Version 2004; 64bit' Language: 'en' Physical Memory: 16335 MB
BatchMode: 1, IsHumanControllingUs: 0, StartBugReporterOnCrash: 0, Is64bit: 1, IsPro: 0

 COMMAND LINE ARGUMENTS:
C:\Program Files\Unity\Hub\Editor\2021.1.5f1\Editor\Unity.exe
-adb2
-batchMode
-noUpm
-name
AssetImportWorker0
-projectPath
C:/Users/taylj/OneDrive/Documents/GitHub/Diorama_2021
-logFile
Logs/AssetImportWorker0.log
-srvPort
53359
Successfully changed project path to: C:/Users/taylj/OneDrive/Documents/GitHub/Diorama_2021
C:/Users/taylj/OneDrive/Documents/GitHub/Diorama_2021
Using Asset Import Pipeline V2.
Refreshing native plugins compatible for Editor in 116.93 ms, found 1 plugins.
Preloading 0 native plugins for Editor in 0.00 ms.
Initialize engine version: 2021.1.5f1 (3737af19df53)
[Subsystems] Discovering subsystems at path C:/Program Files/Unity/Hub/Editor/2021.1.5f1/Editor/Data/Resources/UnitySubsystems
[Subsystems] Discovering subsystems at path C:/Users/taylj/OneDrive/Documents/GitHub/Diorama_2021/Assets
GfxDevice: creating device client; threaded=0; jobified=0
Direct3D:
    Version:  Direct3D 11.0 [level 11.1]
    Renderer: NVIDIA GeForce GTX 980 (ID=0x13c0)
    Vendor:   NVIDIA
    VRAM:     4053 MB
    Driver:   27.21.14.6089
Initialize mono
Mono path[0] = 'C:/Program Files/Unity/Hub/Editor/2021.1.5f1/Editor/Data/Managed'
Mono path[1] = 'C:/Program Files/Unity/Hub/Editor/2021.1.5f1/Editor/Data/MonoBleedingEdge/lib/mono/unityjit'
Mono config path = 'C:/Program Files/Unity/Hub/Editor/2021.1.5f1/Editor/Data/MonoBleedingEdge/etc'
Using monoOptions --debugger-agent=transport=dt_socket,embedding=1,server=y,suspend=n,address=127.0.0.1:56732
Begin MonoManager ReloadAssembly
Registering precompiled unity dll's ...
Register platform support module: C:/Program Files/Unity/Hub/Editor/2021.1.5f1/Editor/Data/PlaybackEngines/WindowsStandaloneSupport/UnityEditor.WindowsStandalone.Extensions.dll
Registered in 0.002142 seconds.
Native extension for WindowsStandalone target not found
Refreshing native plugins compatible for Editor in 119.25 ms, found 1 plugins.
Preloading 0 native plugins for Editor in 0.00 ms.
Mono: successfully reloaded assembly
- Completed reload, in  1.120 seconds
Platform modules already initialized, skipping
Registering precompiled user dll's ...
Registered in 0.004049 seconds.
Begin MonoManager ReloadAssembly
Native extension for WindowsStandalone target not found
Refreshing native plugins compatible for Editor in 126.67 ms, found 1 plugins.
Preloading 0 native plugins for Editor in 0.00 ms.
Mono: successfully reloaded assembly
- Completed reload, in  1.300 seconds
Platform modules already initialized, skipping
========================================================================
Worker process is ready to serve import requests
Launched and connected shader compiler UnityShaderCompiler.exe after 0.04 seconds
Refreshing native plugins compatible for Editor in 1.39 ms, found 1 plugins.
Preloading 0 native plugins for Editor in 0.00 ms.
Unloading 5065 Unused Serialized files (Serialized files now loaded: 0)
System memory in use before: 216.1 MB.
System memory in use after: 216.5 MB.

Unloading 15 unused Assets to reduce memory usage. Loaded Objects now: 5538.
Total: 3.230400 ms (FindLiveObjects: 0.532100 ms CreateObjectMapping: 0.145300 ms MarkObjects: 2.492600 ms  DeleteObjects: 0.059300 ms)

========================================================================
Received Import Request.
  path: Assets/Models/MetalBarrel.fbx
  artifactKey: Guid(3341e7d61f4588644ab54a5a38f2bda1) Importer(815301076,1909f56bfc062723c751e8b465ee728b)
Start importing Assets/Models/MetalBarrel.fbx using Guid(3341e7d61f4588644ab54a5a38f2bda1) Importer(815301076,1909f56bfc062723c751e8b465ee728b) Launched and connected shader compiler UnityShaderCompiler.exe after 0.04 seconds
Launched and connected shader compiler UnityShaderCompiler.exe after 0.04 seconds
Launched and connected shader compiler UnityShaderCompiler.exe after 0.04 seconds
Launched and connected shader compiler UnityShaderCompiler.exe after 0.04 seconds
Launched and connected shader compiler UnityShaderCompiler.exe after 0.04 seconds
Launched and connected shader compiler UnityShaderCompiler.exe after 0.04 seconds
Launched and connected shader compiler UnityShaderCompiler.exe after 0.04 seconds
Launched and connected shader compiler UnityShaderCompiler.exe after 0.04 seconds
Launched and connected shader compiler UnityShaderCompiler.exe after 0.04 seconds
Launched and connected shader compiler UnityShaderCompiler.exe after 0.04 seconds
Launched and connected shader compiler UnityShaderCompiler.exe after 0.04 seconds
 -> (artifact id: '3b958e9afc0eb18647f8ab5ee4f70b1c') in 3.470395 seconds 
========================================================================
Received Import Request.
  Time since last request: 0.000283 seconds.
  path: Assets/Models/Fbx hotel sign.fbx
  artifactKey: Guid(86050895a17a3ae479afe8a95cab267e) Importer(815301076,1909f56bfc062723c751e8b465ee728b)
Start importing Assets/Models/Fbx hotel sign.fbx using Guid(86050895a17a3ae479afe8a95cab267e) Importer(815301076,1909f56bfc062723c751e8b465ee728b)  -> (artifact id: '991f7075b12d6ac8417fad5c4e4a5425') in 0.014545 seconds 
========================================================================
Received Import Request.
  Time since last request: 45.026973 seconds.
  path: Assets/Models/Materials/Building.mat
  artifactKey: Guid(8f46e4c5873432243b86b196ef4f7b7b) Importer(815301076,1909f56bfc062723c751e8b465ee728b)
Start importing Assets/Models/Materials/Building.mat using Guid(8f46e4c5873432243b86b196ef4f7b7b) Importer(815301076,1909f56bfc062723c751e8b465ee728b)  -> (artifact id: 'a0a685b927c923ba5ac5446c6783d9d4') in 0.029614 seconds 
========================================================================
Received Import Request.
  Time since last request: 0.000316 seconds.
  path: Assets/Models/Materials/pCube3Mat.mat
  artifactKey: Guid(ab3358b0e75baad44939673f14f3ce23) Importer(815301076,1909f56bfc062723c751e8b465ee728b)
Start importing Assets/Models/Materials/pCube3Mat.mat using Guid(ab3358b0e75baad44939673f14f3ce23) Importer(815301076,1909f56bfc062723c751e8b465ee728b)  -> (artifact id: '7446984810d7f2cfcdb44ae1a11ae3fc') in 0.020340 seconds 
========================================================================
Received Import Request.
  Time since last request: 0.000272 seconds.
  path: Assets/Models/Materials/metalBarrel.mat
  artifactKey: Guid(0b7aec19899013f4ea76d05a299697b5) Importer(815301076,1909f56bfc062723c751e8b465ee728b)
Start importing Assets/Models/Materials/metalBarrel.mat using Guid(0b7aec19899013f4ea76d05a299697b5) Importer(815301076,1909f56bfc062723c751e8b465ee728b)  -> (artifact id: '4e8dcc2705cb4b6cd712f4fd39089837') in 0.021109 seconds 
========================================================================
Received Import Request.
  Time since last request: 0.000402 seconds.
  path: Assets/Models/Materials/Maya_lambert4.mat
  artifactKey: Guid(5e3926b036e08a14987aedb9fee323cb) Importer(815301076,1909f56bfc062723c751e8b465ee728b)
Start importing Assets/Models/Materials/Maya_lambert4.mat using Guid(5e3926b036e08a14987aedb9fee323cb) Importer(815301076,1909f56bfc062723c751e8b465ee728b)  -> (artifact id: 'ae7cbef11b987a87e71782d00d8517d9') in 0.013397 seconds 
AssetImportWorkerClient::OnTransportError - code=2 error=End of file
