Using pre-set license
Built from '2021.1/staging' branch; Version is '2021.1.5f1 (3737af19df53) revision 3618735'; Using compiler version '192528614'; Build Type 'Release'
OS: 'Windows 10 Pro; OS build 19042.928; Version 2009; 64bit' Language: 'en' Physical Memory: 65450 MB
BatchMode: 1, IsHumanControllingUs: 0, StartBugReporterOnCrash: 0, Is64bit: 1, IsPro: 0

 COMMAND LINE ARGUMENTS:
C:\Unity\2021.1.5f1\Editor\Unity.exe
-adb2
-batchMode
-noUpm
-name
AssetImportWorker0
-projectPath
E:/Unity/Diorama_2021
-logFile
Logs/AssetImportWorker0.log
-srvPort
8341
Successfully changed project path to: E:/Unity/Diorama_2021
E:/Unity/Diorama_2021
Using Asset Import Pipeline V2.
Unable to join player connection multicast group.

Refreshing native plugins compatible for Editor in 92.48 ms, found 1 plugins.
Preloading 0 native plugins for Editor in 0.00 ms.
Initialize engine version: 2021.1.5f1 (3737af19df53)
[Subsystems] Discovering subsystems at path C:/Unity/2021.1.5f1/Editor/Data/Resources/UnitySubsystems
[Subsystems] Discovering subsystems at path E:/Unity/Diorama_2021/Assets
GfxDevice: creating device client; threaded=0; jobified=0
Direct3D:
    Version:  Direct3D 11.0 [level 11.1]
    Renderer: NVIDIA GeForce RTX 3080 (ID=0x2206)
    Vendor:   NVIDIA
    VRAM:     10078 MB
    Driver:   27.21.14.6589
Initialize mono
Mono path[0] = 'C:/Unity/2021.1.5f1/Editor/Data/Managed'
Mono path[1] = 'C:/Unity/2021.1.5f1/Editor/Data/MonoBleedingEdge/lib/mono/unityjit'
Mono config path = 'C:/Unity/2021.1.5f1/Editor/Data/MonoBleedingEdge/etc'
Using monoOptions --debugger-agent=transport=dt_socket,embedding=1,server=y,suspend=n,address=127.0.0.1:56584
Begin MonoManager ReloadAssembly
Registering precompiled unity dll's ...
Register platform support module: C:/Unity/2021.1.5f1/Editor/Data/PlaybackEngines/WindowsStandaloneSupport/UnityEditor.WindowsStandalone.Extensions.dll
Registered in 0.002351 seconds.
Native extension for WindowsStandalone target not found
Refreshing native plugins compatible for Editor in 93.23 ms, found 1 plugins.
Preloading 0 native plugins for Editor in 0.00 ms.
Mono: successfully reloaded assembly
- Completed reload, in  1.424 seconds
Platform modules already initialized, skipping
Registering precompiled user dll's ...
Registered in 0.004275 seconds.
Begin MonoManager ReloadAssembly
Native extension for WindowsStandalone target not found
Refreshing native plugins compatible for Editor in 112.40 ms, found 1 plugins.
Preloading 0 native plugins for Editor in 0.00 ms.
Mono: successfully reloaded assembly
- Completed reload, in  1.931 seconds
Platform modules already initialized, skipping
========================================================================
Worker process is ready to serve import requests
Launched and connected shader compiler UnityShaderCompiler.exe after 0.08 seconds
Refreshing native plugins compatible for Editor in 2.01 ms, found 1 plugins.
Preloading 0 native plugins for Editor in 0.00 ms.
Unloading 5064 Unused Serialized files (Serialized files now loaded: 0)
System memory in use before: 213.1 MB.
System memory in use after: 210.3 MB.

Unloading 48 unused Assets to reduce memory usage. Loaded Objects now: 5500.
Total: 4.602540 ms (FindLiveObjects: 0.543575 ms CreateObjectMapping: 0.279575 ms MarkObjects: 2.462115 ms  DeleteObjects: 1.301073 ms)

========================================================================
Received Import Request.
  path: Assets/Models
  artifactKey: Guid(b4fcae921c751094487ed76061e918d5) Importer(815301076,1909f56bfc062723c751e8b465ee728b)
Start importing Assets/Models using Guid(b4fcae921c751094487ed76061e918d5) Importer(815301076,1909f56bfc062723c751e8b465ee728b)  -> (artifact id: 'f9a5ce0725b72fc8d9450f8c45ab6f60') in 0.008615 seconds 
========================================================================
Received Import Request.
  Time since last request: 40.224545 seconds.
  path: Assets/Models/Bulding.fbx
  artifactKey: Guid(850135bb87ede4f40a0fec20814954a3) Importer(815301076,1909f56bfc062723c751e8b465ee728b)
Start importing Assets/Models/Bulding.fbx using Guid(850135bb87ede4f40a0fec20814954a3) Importer(815301076,1909f56bfc062723c751e8b465ee728b) Launched and connected shader compiler UnityShaderCompiler.exe after 0.09 seconds
Launched and connected shader compiler UnityShaderCompiler.exe after 0.07 seconds
Launched and connected shader compiler UnityShaderCompiler.exe after 0.08 seconds
Launched and connected shader compiler UnityShaderCompiler.exe after 0.07 seconds
Launched and connected shader compiler UnityShaderCompiler.exe after 0.07 seconds
Launched and connected shader compiler UnityShaderCompiler.exe after 0.08 seconds
Launched and connected shader compiler UnityShaderCompiler.exe after 0.07 seconds
Launched and connected shader compiler UnityShaderCompiler.exe after 0.07 seconds
Launched and connected shader compiler UnityShaderCompiler.exe after 0.07 seconds
Launched and connected shader compiler UnityShaderCompiler.exe after 0.08 seconds
Launched and connected shader compiler UnityShaderCompiler.exe after 0.07 seconds
Launched and connected shader compiler UnityShaderCompiler.exe after 0.07 seconds
Launched and connected shader compiler UnityShaderCompiler.exe after 0.07 seconds
Launched and connected shader compiler UnityShaderCompiler.exe after 0.07 seconds
Launched and connected shader compiler UnityShaderCompiler.exe after 0.07 seconds
Launched and connected shader compiler UnityShaderCompiler.exe after 0.06 seconds
Launched and connected shader compiler UnityShaderCompiler.exe after 0.06 seconds
Launched and connected shader compiler UnityShaderCompiler.exe after 0.08 seconds
Launched and connected shader compiler UnityShaderCompiler.exe after 0.08 seconds
Launched and connected shader compiler UnityShaderCompiler.exe after 0.07 seconds
Launched and connected shader compiler UnityShaderCompiler.exe after 0.07 seconds
Launched and connected shader compiler UnityShaderCompiler.exe after 0.07 seconds
Launched and connected shader compiler UnityShaderCompiler.exe after 0.07 seconds
Launched and connected shader compiler UnityShaderCompiler.exe after 0.08 seconds
Launched and connected shader compiler UnityShaderCompiler.exe after 0.08 seconds
Launched and connected shader compiler UnityShaderCompiler.exe after 0.07 seconds
Launched and connected shader compiler UnityShaderCompiler.exe after 0.07 seconds
Launched and connected shader compiler UnityShaderCompiler.exe after 0.07 seconds
Launched and connected shader compiler UnityShaderCompiler.exe after 0.08 seconds
Launched and connected shader compiler UnityShaderCompiler.exe after 0.08 seconds
Launched and connected shader compiler UnityShaderCompiler.exe after 0.09 seconds
 -> (artifact id: '05d2de4717dc4f38611710bc2fbf0d6d') in 4.334338 seconds 
========================================================================
Received Import Request.
  Time since last request: 105.726852 seconds.
  path: Assets/Models/Bulding.fbx
  artifactKey: Guid(850135bb87ede4f40a0fec20814954a3) Importer(815301076,1909f56bfc062723c751e8b465ee728b)
Start importing Assets/Models/Bulding.fbx using Guid(850135bb87ede4f40a0fec20814954a3) Importer(815301076,1909f56bfc062723c751e8b465ee728b)  -> (artifact id: '82caeab20ece797ebcc7ff0c88ed9726') in 0.014907 seconds 
========================================================================
Received Import Request.
  Time since last request: 12.724906 seconds.
  path: Assets/FBXImporter.preset
  artifactKey: Guid(9cc84aa41e7b70847920a9f641d7d502) Importer(815301076,1909f56bfc062723c751e8b465ee728b)
Start importing Assets/FBXImporter.preset using Guid(9cc84aa41e7b70847920a9f641d7d502) Importer(815301076,1909f56bfc062723c751e8b465ee728b)  -> (artifact id: '2212a8412a1e4a6fca0b240f3c8ea41a') in 0.012355 seconds 
========================================================================
Received Import Request.
  Time since last request: 20.086161 seconds.
  path: Assets/Models/Footpath.fbx
  artifactKey: Guid(d4624c30010c1ec4b8245132297661c1) Importer(815301076,1909f56bfc062723c751e8b465ee728b)
Start importing Assets/Models/Footpath.fbx using Guid(d4624c30010c1ec4b8245132297661c1) Importer(815301076,1909f56bfc062723c751e8b465ee728b)  -> (artifact id: '9e71e33524596cbdae462c2aebabd54c') in 0.020256 seconds 
========================================================================
Received Import Request.
  Time since last request: 59.044534 seconds.
  path: Assets/Models/Materials
  artifactKey: Guid(d025f83d713fef840805ede76d9e8b05) Importer(815301076,1909f56bfc062723c751e8b465ee728b)
Start importing Assets/Models/Materials using Guid(d025f83d713fef840805ede76d9e8b05) Importer(815301076,1909f56bfc062723c751e8b465ee728b)  -> (artifact id: 'f3913e85c3b48e9c5c8a99f397127199') in 0.001321 seconds 
========================================================================
Received Import Request.
  Time since last request: 117.741176 seconds.
  path: Assets/Settings/Volumes/Volume Global.asset
  artifactKey: Guid(7f342610b85f4164f808a1f380dcc668) Importer(815301076,1909f56bfc062723c751e8b465ee728b)
Start importing Assets/Settings/Volumes/Volume Global.asset using Guid(7f342610b85f4164f808a1f380dcc668) Importer(815301076,1909f56bfc062723c751e8b465ee728b)  -> (artifact id: 'f2338fd30de64a47aafc45cdd4554eb3') in 0.005302 seconds 
========================================================================
Received Import Request.
  Time since last request: 17.761036 seconds.
  path: Assets/Settings/Volumes/Volume Room 1.asset
  artifactKey: Guid(bd6d234073408c44ca3828113aac655e) Importer(815301076,1909f56bfc062723c751e8b465ee728b)
Start importing Assets/Settings/Volumes/Volume Room 1.asset using Guid(bd6d234073408c44ca3828113aac655e) Importer(815301076,1909f56bfc062723c751e8b465ee728b)  -> (artifact id: '40438961a5b0b1defd4927e760ea13ae') in 0.002387 seconds 
========================================================================
Received Import Request.
  Time since last request: 58.942134 seconds.
  path: Assets/HDRPDefaultResources/DefaultHDRISky.exr
  artifactKey: Guid(54a3a0570aebe8949bec4966f1376581) Importer(815301076,1909f56bfc062723c751e8b465ee728b)
Start importing Assets/HDRPDefaultResources/DefaultHDRISky.exr using Guid(54a3a0570aebe8949bec4966f1376581) Importer(815301076,1909f56bfc062723c751e8b465ee728b)  -> (artifact id: 'af9f8fcca791a1225bdbe8add12b0a49') in 0.037995 seconds 
========================================================================
Received Import Request.
  Time since last request: 61.794820 seconds.
  path: Assets/Models/Footpath.fbx
  artifactKey: Guid(d4624c30010c1ec4b8245132297661c1) Importer(815301076,1909f56bfc062723c751e8b465ee728b)
Start importing Assets/Models/Footpath.fbx using Guid(d4624c30010c1ec4b8245132297661c1) Importer(815301076,1909f56bfc062723c751e8b465ee728b)  -> (artifact id: 'f0e96db17a8639a594fd9e5dbcb36bcc') in 0.011811 seconds 
========================================================================
Received Import Request.
  Time since last request: 49.562763 seconds.
  path: Assets/Settings/Volumes/Volume Global.asset
  artifactKey: Guid(7f342610b85f4164f808a1f380dcc668) Importer(815301076,1909f56bfc062723c751e8b465ee728b)
Start importing Assets/Settings/Volumes/Volume Global.asset using Guid(7f342610b85f4164f808a1f380dcc668) Importer(815301076,1909f56bfc062723c751e8b465ee728b)  -> (artifact id: '48b43721858ed90e2d23541b2d546cf4') in 0.002566 seconds 
========================================================================
Received Import Request.
  Time since last request: 44.485552 seconds.
  path: Assets/Settings/Volumes/Volume Global.asset
  artifactKey: Guid(7f342610b85f4164f808a1f380dcc668) Importer(815301076,1909f56bfc062723c751e8b465ee728b)
Start importing Assets/Settings/Volumes/Volume Global.asset using Guid(7f342610b85f4164f808a1f380dcc668) Importer(815301076,1909f56bfc062723c751e8b465ee728b)  -> (artifact id: 'ca4e5c54534a7c2174b016e858d92537') in 0.003077 seconds 
