Using pre-set license
Built from '2021.1/staging' branch; Version is '2021.1.5f1 (3737af19df53) revision 3618735'; Using compiler version '192528614'; Build Type 'Release'
OS: 'Windows 10 Home; OS build 19042.928; Version 2009; 64bit' Language: 'en' Physical Memory: 16264 MB
BatchMode: 1, IsHumanControllingUs: 0, StartBugReporterOnCrash: 0, Is64bit: 1, IsPro: 0

 COMMAND LINE ARGUMENTS:
D:\Work\Unity\unity\2021.1.5f1\Editor\Unity.exe
-adb2
-batchMode
-noUpm
-name
AssetImportWorker1
-projectPath
C:/Users/Riley Hamblyn/Documents/GitHub/Diorama_2021
-logFile
Logs/AssetImportWorker1.log
-srvPort
54872
Successfully changed project path to: C:/Users/Riley Hamblyn/Documents/GitHub/Diorama_2021
C:/Users/Riley Hamblyn/Documents/GitHub/Diorama_2021
Using Asset Import Pipeline V2.
Refreshing native plugins compatible for Editor in 1218.10 ms, found 1 plugins.
Preloading 0 native plugins for Editor in 0.00 ms.
Initialize engine version: 2021.1.5f1 (3737af19df53)
[Subsystems] Discovering subsystems at path D:/Work/Unity/unity/2021.1.5f1/Editor/Data/Resources/UnitySubsystems
[Subsystems] Discovering subsystems at path C:/Users/Riley Hamblyn/Documents/GitHub/Diorama_2021/Assets
GfxDevice: creating device client; threaded=0; jobified=0
Direct3D:
    Version:  Direct3D 11.0 [level 11.1]
    Renderer: NVIDIA GeForce MX150 (ID=0x1d10)
    Vendor:   NVIDIA
    VRAM:     4027 MB
    Driver:   27.21.14.5763
Initialize mono
Mono path[0] = 'D:/Work/Unity/unity/2021.1.5f1/Editor/Data/Managed'
Mono path[1] = 'D:/Work/Unity/unity/2021.1.5f1/Editor/Data/MonoBleedingEdge/lib/mono/unityjit'
Mono config path = 'D:/Work/Unity/unity/2021.1.5f1/Editor/Data/MonoBleedingEdge/etc'
Using monoOptions --debugger-agent=transport=dt_socket,embedding=1,server=y,suspend=n,address=127.0.0.1:56096
Begin MonoManager ReloadAssembly
Registering precompiled unity dll's ...
Register platform support module: D:/Work/Unity/unity/2021.1.5f1/Editor/Data/PlaybackEngines/WindowsStandaloneSupport/UnityEditor.WindowsStandalone.Extensions.dll
Registered in 0.006608 seconds.
Native extension for WindowsStandalone target not found
Refreshing native plugins compatible for Editor in 824.80 ms, found 1 plugins.
Preloading 0 native plugins for Editor in 0.00 ms.
Mono: successfully reloaded assembly
- Completed reload, in 14.178 seconds
Platform modules already initialized, skipping
Registering precompiled user dll's ...
Registered in 0.023194 seconds.
Begin MonoManager ReloadAssembly
Native extension for WindowsStandalone target not found
Refreshing native plugins compatible for Editor in 206.79 ms, found 1 plugins.
Preloading 0 native plugins for Editor in 0.00 ms.
Mono: successfully reloaded assembly
- Completed reload, in  2.642 seconds
Platform modules already initialized, skipping
========================================================================
Worker process is ready to serve import requests
Launched and connected shader compiler UnityShaderCompiler.exe after 0.11 seconds
Refreshing native plugins compatible for Editor in 2.17 ms, found 1 plugins.
Preloading 0 native plugins for Editor in 0.00 ms.
Unloading 5062 Unused Serialized files (Serialized files now loaded: 0)
System memory in use before: 213.2 MB.
System memory in use after: 213.7 MB.

Unloading 15 unused Assets to reduce memory usage. Loaded Objects now: 5532.
Total: 7.096800 ms (FindLiveObjects: 1.304300 ms CreateObjectMapping: 0.760300 ms MarkObjects: 4.905700 ms  DeleteObjects: 0.124000 ms)

========================================================================
Received Import Request.
  path: Assets/Models/Fbx hotel sign.fbx
  artifactKey: Guid(86050895a17a3ae479afe8a95cab267e) Importer(815301076,1909f56bfc062723c751e8b465ee728b)
Start importing Assets/Models/Fbx hotel sign.fbx using Guid(86050895a17a3ae479afe8a95cab267e) Importer(815301076,1909f56bfc062723c751e8b465ee728b) Launched and connected shader compiler UnityShaderCompiler.exe after 0.14 seconds
Launched and connected shader compiler UnityShaderCompiler.exe after 1.35 seconds
Launched and connected shader compiler UnityShaderCompiler.exe after 0.49 seconds
Launched and connected shader compiler UnityShaderCompiler.exe after 0.65 seconds
Launched and connected shader compiler UnityShaderCompiler.exe after 0.60 seconds
Launched and connected shader compiler UnityShaderCompiler.exe after 0.87 seconds
Launched and connected shader compiler UnityShaderCompiler.exe after 2.62 seconds
 -> (artifact id: 'e8f2a5691e4a5f0703ab8db6b8bfbd7d') in 79.532270 seconds 
